
2024/12/24 (15:01:32) | ===> btop++ v.1.4.0
2024/12/24 (15:01:32) | ERROR: No UTF-8 locale detected!
Use --utf-force argument to force start if you're sure your terminal can handle it.

2024/12/24 (15:01:48) | ===> btop++ v.1.4.0
2024/12/24 (15:01:48) | WARNING: No UTF-8 locale detected! Forcing start with --utf-force argument.
2024/12/24 (15:01:50) | WARNING: NVML: Failed to get maximum GPU power draw, defaulting to 225W: Not Supported

2024/12/24 (15:04:13) | ===> btop++ v.1.4.0
2024/12/24 (15:04:13) | ERROR: No UTF-8 locale detected!
Use --utf-force argument to force start if you're sure your terminal can handle it.

2024/12/24 (18:47:32) | ===> btop++ v.1.4.0
2024/12/24 (18:47:32) | ERROR: No UTF-8 locale detected!
Use --utf-force argument to force start if you're sure your terminal can handle it.

2024/12/24 (18:49:07) | ===> btop++ v.1.4.0
2024/12/24 (18:49:07) | ERROR: No UTF-8 locale detected!
Use --utf-force argument to force start if you're sure your terminal can handle it.

2024/12/24 (18:49:22) | ===> btop++ v.1.4.0
2024/12/24 (18:49:22) | WARNING: No UTF-8 locale detected! Forcing start with --utf-force argument.
2024/12/24 (18:49:24) | WARNING: NVML: Failed to get maximum GPU power draw, defaulting to 225W: Not Supported

2024/12/24 (18:58:04) | ===> btop++ v.1.4.0
2024/12/24 (18:58:04) | WARNING: No UTF-8 locale detected! Forcing start with --utf-force argument.
2024/12/24 (18:58:04) | WARNING: NVML: Failed to get maximum GPU power draw, defaulting to 225W: Not Supported

2024/12/24 (19:10:46) | ===> btop++ v.1.4.0
2024/12/24 (19:10:46) | WARNING: No UTF-8 locale detected! Forcing start with --utf-force argument.
2024/12/24 (19:10:48) | WARNING: NVML: Failed to get maximum GPU power draw, defaulting to 225W: Not Supported

2024/12/28 (23:58:54) | ===> btop++ v.1.4.0
2024/12/28 (23:58:54) | ERROR: No UTF-8 locale detected!
Use --utf-force argument to force start if you're sure your terminal can handle it.

2024/12/28 (23:59:03) | ===> btop++ v.1.4.0
2024/12/28 (23:59:03) | WARNING: No UTF-8 locale detected! Forcing start with --utf-force argument.
2024/12/28 (23:59:03) | WARNING: NVML: Failed to get maximum GPU power draw, defaulting to 225W: Not Supported
